<?xml version="1.0" encoding="utf-8"?><testsuites name="pytest tests"><testsuite name="pytest" errors="0" failures="0" skipped="0" tests="13" time="11.570" timestamp="2026-05-12T02:04:07.021633+00:00" hostname="agent-env-474aa9e7-4a46-41d5-82be-9e44d28c51b6"><testcase classname="backend.tests.test_promptcut_api.TestProjectLifecycle" name="test_health" time="0.178" /><testcase classname="backend.tests.test_promptcut_api.TestProjectLifecycle" name="test_01_create_project" time="0.221" /><testcase classname="backend.tests.test_promptcut_api.TestProjectLifecycle" name="test_02_upload_video" time="0.258" /><testcase classname="backend.tests.test_promptcut_api.TestProjectLifecycle" name="test_03_transcribe" time="4.975" /><testcase classname="backend.tests.test_promptcut_api.TestProjectLifecycle" name="test_04_get_transcript" time="0.053" /><testcase classname="backend.tests.test_promptcut_api.TestChatAndPlan" name="test_05_chat_creates_edit_plan" time="2.202" /><testcase classname="backend.tests.test_promptcut_api.TestChatAndPlan" name="test_06_get_messages" time="0.057" /><testcase classname="backend.tests.test_promptcut_api.TestChatAndPlan" name="test_07_get_edit_plan" time="0.049" /><testcase classname="backend.tests.test_promptcut_api.TestRender" name="test_08_render" time="3.201" /><testcase classname="backend.tests.test_promptcut_api.TestRender" name="test_09_serve_output" time="0.105" /><testcase classname="backend.tests.test_promptcut_api.TestListing" name="test_10_list_projects" time="0.051" /><testcase classname="backend.tests.test_promptcut_api.TestErrorHandling" name="test_get_unknown_project_404" time="0.047" /><testcase classname="backend.tests.test_promptcut_api.TestErrorHandling" name="test_output_before_render_404" time="0.092" /></testsuite></testsuites>